[debug] [2023-11-17T23:00:11.537Z] ----------------------------------------------------------------------
[debug] [2023-11-17T23:00:11.538Z] Command:       C:\Program Files\nodejs\node.exe C:\Users\QueZera\AppData\Roaming\npm\node_modules\firebase-tools\lib\bin\firebase.js init
[debug] [2023-11-17T23:00:11.539Z] CLI Version:   12.7.0
[debug] [2023-11-17T23:00:11.539Z] Platform:      win32
[debug] [2023-11-17T23:00:11.539Z] Node Version:  v16.16.0
[debug] [2023-11-17T23:00:11.540Z] Time:          Sat Nov 18 2023 07:00:11 GMT+0800 (Malaysia Time)
[debug] [2023-11-17T23:00:11.540Z] ----------------------------------------------------------------------
[debug] 
[debug] [2023-11-17T23:00:11.546Z] > command requires scopes: ["email","openid","https://www.googleapis.com/auth/cloudplatformprojects.readonly","https://www.googleapis.com/auth/firebase","https://www.googleapis.com/auth/cloud-platform"]
[debug] [2023-11-17T23:00:11.546Z] > authorizing via signed-in user (zaherzulkifly@gmail.com)
[info] 
     ######## #### ########  ######## ########     ###     ######  ########
     ##        ##  ##     ## ##       ##     ##  ##   ##  ##       ##
     ######    ##  ########  ######   ########  #########  ######  ######
     ##        ##  ##    ##  ##       ##     ## ##     ##       ## ##
     ##       #### ##     ## ######## ########  ##     ##  ######  ########

You're about to initialize a Firebase project in this directory:

  C:\project\technical_question\technical_question_web

Before we get started, keep in mind:

  * You are currently outside your home directory

[info] 
=== Project Setup
[info] 
[info] First, let's associate this project directory with a Firebase project.
[info] You can create multiple project aliases by running firebase use --add, 
[info] but for now we'll just set up a default project.
[info] 
[debug] [2023-11-17T23:00:30.932Z] > refreshing access token with scopes: []
[debug] [2023-11-17T23:00:30.934Z] >>> [apiv2][query] POST https://www.googleapis.com/oauth2/v3/token [none]
[debug] [2023-11-17T23:00:30.934Z] >>> [apiv2][body] POST https://www.googleapis.com/oauth2/v3/token [omitted]
[debug] [2023-11-17T23:00:31.060Z] <<< [apiv2][status] POST https://www.googleapis.com/oauth2/v3/token 200
[debug] [2023-11-17T23:00:31.060Z] <<< [apiv2][body] POST https://www.googleapis.com/oauth2/v3/token [omitted]
[debug] [2023-11-17T23:00:31.068Z] >>> [apiv2][query] GET https://firebase.googleapis.com/v1beta1/projects pageSize=100
[debug] [2023-11-17T23:00:31.916Z] <<< [apiv2][status] GET https://firebase.googleapis.com/v1beta1/projects 200
[debug] [2023-11-17T23:00:31.916Z] <<< [apiv2][body] GET https://firebase.googleapis.com/v1beta1/projects [omitted]
[info] i  Using project technicalquestion-f6307 (TechnicalQuestion) 
[info] 
=== Hosting Setup
[info] 
[info] Your public directory is the folder (relative to your project directory) that
[info] will contain Hosting assets to be uploaded with firebase deploy. If you
[info] have a build process for your assets, use your build's output directory.
[info] 
